# JRE version: Java(TM) SE Runtime Environment (17.0.12+8) (build 17.0.12+8-LTS-286)
# Java VM: Java HotSpot(TM) 64-Bit Server VM (17.0.12+8-LTS-286, mixed mode, sharing, tiered, compressed oops, compressed class ptrs, g1 gc, windows-amd64)
GC Precious Log:
 CPUs: 12 total, 12 available
 Memory: 7439M
 Large Page Support: Disabled
 NUMA Support: Disabled
 Compressed Oops: Enabled (32-bit)
 Heap Region Size: 1M
 Heap Min Capacity: 8M
 Heap Initial Capacity: 118M
 Heap Max Capacity: 1860M
 Pre-touch: Disabled
 Parallel Workers: 10
 Concurrent Workers: 3
 Concurrent Refinement Workers: 10
 Periodic GC: Disabled
Heap:
 garbage-first heap   total 71680K, used 26807K [0x000000008bc00000, 0x0000000100000000)
  region size 1024K, 1 young (1024K), 1 survivors (1024K)
 Metaspace       used 63464K, committed 64000K, reserved 1114112K
  class space    used 8766K, committed 9024K, reserved 1048576K
GC Heap History (20 events):
Event: 1.644 GC heap before
{Heap before GC invocations=4 (full 0):
 garbage-first heap   total 55296K, used 41876K [0x000000008bc00000, 0x0000000100000000)
  region size 1024K, 32 young (32768K), 5 survivors (5120K)
 Metaspace       used 24485K, committed 24832K, reserved 1114112K
  class space    used 3166K, committed 3328K, reserved 1048576K
}
Event: 1.649 GC heap after
{Heap after GC invocations=5 (full 0):
 garbage-first heap   total 55296K, used 16482K [0x000000008bc00000, 0x0000000100000000)
  region size 1024K, 3 young (3072K), 3 survivors (3072K)
 Metaspace       used 24485K, committed 24832K, reserved 1114112K
  class space    used 3166K, committed 3328K, reserved 1048576K
}
Event: 1.664 GC heap before
{Heap before GC invocations=5 (full 0):
 garbage-first heap   total 55296K, used 16482K [0x000000008bc00000, 0x0000000100000000)
  region size 1024K, 4 young (4096K), 3 survivors (3072K)
 Metaspace       used 24617K, committed 25024K, reserved 1114112K
  class space    used 3180K, committed 3392K, reserved 1048576K
}
Event: 1.666 GC heap after
{Heap after GC invocations=6 (full 0):
 garbage-first heap   total 55296K, used 16731K [0x000000008bc00000, 0x0000000100000000)
  region size 1024K, 1 young (1024K), 1 survivors (1024K)
 Metaspace       used 24617K, committed 25024K, reserved 1114112K
  class space    used 3180K, committed 3392K, reserved 1048576K
}
Event: 2.005 GC heap before
{Heap before GC invocations=6 (full 0):
 garbage-first heap   total 55296K, used 37211K [0x000000008bc00000, 0x0000000100000000)
  region size 1024K, 21 young (21504K), 1 survivors (1024K)
 Metaspace       used 27231K, committed 27520K, reserved 1114112K
  class space    used 3564K, committed 3712K, reserved 1048576K
}
Event: 2.009 GC heap after
{Heap after GC invocations=7 (full 0):
 garbage-first heap   total 86016K, used 18052K [0x000000008bc00000, 0x0000000100000000)
  region size 1024K, 2 young (2048K), 2 survivors (2048K)
 Metaspace       used 27231K, committed 27520K, reserved 1114112K
  class space    used 3564K, committed 3712K, reserved 1048576K
}
Event: 2.842 GC heap before
{Heap before GC invocations=7 (full 0):
 garbage-first heap   total 86016K, used 45700K [0x000000008bc00000, 0x0000000100000000)
  region size 1024K, 30 young (30720K), 2 survivors (2048K)
 Metaspace       used 35755K, committed 36096K, reserved 1114112K
  class space    used 4547K, committed 4736K, reserved 1048576K
}
Event: 2.848 GC heap after
{Heap after GC invocations=8 (full 0):
 garbage-first heap   total 86016K, used 20185K [0x000000008bc00000, 0x0000000100000000)
  region size 1024K, 4 young (4096K), 4 survivors (4096K)
 Metaspace       used 35755K, committed 36096K, reserved 1114112K
  class space    used 4547K, committed 4736K, reserved 1048576K
}
Event: 3.623 GC heap before
{Heap before GC invocations=9 (full 0):
 garbage-first heap   total 71680K, used 59097K [0x000000008bc00000, 0x0000000100000000)
  region size 1024K, 42 young (43008K), 4 survivors (4096K)
 Metaspace       used 43321K, committed 43648K, reserved 1114112K
  class space    used 5670K, committed 5824K, reserved 1048576K
}
Event: 3.628 GC heap after
{Heap after GC invocations=10 (full 0):
 garbage-first heap   total 71680K, used 21977K [0x000000008bc00000, 0x0000000100000000)
  region size 1024K, 4 young (4096K), 4 survivors (4096K)
 Metaspace       used 43321K, committed 43648K, reserved 1114112K
  class space    used 5670K, committed 5824K, reserved 1048576K
}
Event: 3.646 GC heap before
{Heap before GC invocations=10 (full 0):
 garbage-first heap   total 71680K, used 23001K [0x000000008bc00000, 0x0000000100000000)
  region size 1024K, 5 young (5120K), 4 survivors (4096K)
 Metaspace       used 43488K, committed 43840K, reserved 1114112K
  class space    used 5703K, committed 5888K, reserved 1048576K
}
Event: 3.650 GC heap after
{Heap after GC invocations=11 (full 0):
 garbage-first heap   total 71680K, used 22244K [0x000000008bc00000, 0x0000000100000000)
  region size 1024K, 1 young (1024K), 1 survivors (1024K)
 Metaspace       used 43488K, committed 43840K, reserved 1114112K
  class space    used 5703K, committed 5888K, reserved 1048576K
}
Event: 4.114 GC heap before
{Heap before GC invocations=11 (full 0):
 garbage-first heap   total 71680K, used 52964K [0x000000008bc00000, 0x0000000100000000)
  region size 1024K, 32 young (32768K), 1 survivors (1024K)
 Metaspace       used 50618K, committed 51008K, reserved 1114112K
  class space    used 6820K, committed 7040K, reserved 1048576K
}
Event: 4.117 GC heap after
{Heap after GC invocations=12 (full 0):
 garbage-first heap   total 71680K, used 23397K [0x000000008bc00000, 0x0000000100000000)
  region size 1024K, 2 young (2048K), 2 survivors (2048K)
 Metaspace       used 50618K, committed 51008K, reserved 1114112K
  class space    used 6820K, committed 7040K, reserved 1048576K
}
Event: 4.507 GC heap before
{Heap before GC invocations=12 (full 0):
 garbage-first heap   total 71680K, used 54117K [0x000000008bc00000, 0x0000000100000000)
  region size 1024K, 33 young (33792K), 2 survivors (2048K)
 Metaspace       used 58209K, committed 58624K, reserved 1114112K
  class space    used 7901K, committed 8128K, reserved 1048576K
}
Event: 4.511 GC heap after
{Heap after GC invocations=13 (full 0):
 garbage-first heap   total 71680K, used 24899K [0x000000008bc00000, 0x0000000100000000)
  region size 1024K, 4 young (4096K), 4 survivors (4096K)
 Metaspace       used 58209K, committed 58624K, reserved 1114112K
  class space    used 7901K, committed 8128K, reserved 1048576K
}
Event: 4.604 GC heap before
{Heap before GC invocations=13 (full 0):
 garbage-first heap   total 71680K, used 33091K [0x000000008bc00000, 0x0000000100000000)
  region size 1024K, 13 young (13312K), 4 survivors (4096K)
 Metaspace       used 59988K, committed 60416K, reserved 1114112K
  class space    used 8244K, committed 8448K, reserved 1048576K
}
Event: 4.607 GC heap after
{Heap after GC invocations=14 (full 0):
 garbage-first heap   total 71680K, used 25185K [0x000000008bc00000, 0x0000000100000000)
  region size 1024K, 2 young (2048K), 2 survivors (2048K)
 Metaspace       used 59988K, committed 60416K, reserved 1114112K
  class space    used 8244K, committed 8448K, reserved 1048576K
}
Event: 4.853 GC heap before
{Heap before GC invocations=15 (full 0):
 garbage-first heap   total 71680K, used 56929K [0x000000008bc00000, 0x0000000100000000)
  region size 1024K, 33 young (33792K), 2 survivors (2048K)
 Metaspace       used 63386K, committed 63936K, reserved 1114112K
  class space    used 8759K, committed 9024K, reserved 1048576K
}
Event: 4.857 GC heap after
{Heap after GC invocations=16 (full 0):
 garbage-first heap   total 71680K, used 26604K [0x000000008bc00000, 0x0000000100000000)
  region size 1024K, 4 young (4096K), 4 survivors (4096K)
 Metaspace       used 63386K, committed 63936K, reserved 1114112K
  class space    used 8759K, committed 9024K, reserved 1048576K
}

