# JRE version: Java(TM) SE Runtime Environment (17.0.12+8) (build 17.0.12+8-LTS-286)
# Java VM: Java HotSpot(TM) 64-Bit Server VM (17.0.12+8-LTS-286, mixed mode, sharing, tiered, compressed oops, compressed class ptrs, g1 gc, windows-amd64)
GC Precious Log:
 CPUs: 12 total, 12 available
 Memory: 7439M
 Large Page Support: Disabled
 NUMA Support: Disabled
 Compressed Oops: Enabled (32-bit)
 Heap Region Size: 1M
 Heap Min Capacity: 8M
 Heap Initial Capacity: 118M
 Heap Max Capacity: 1860M
 Pre-touch: Disabled
 Parallel Workers: 10
 Concurrent Workers: 3
 Concurrent Refinement Workers: 10
 Periodic GC: Disabled
Heap:
 garbage-first heap   total 70656K, used 35952K [0x000000008bc00000, 0x0000000100000000)
  region size 1024K, 3 young (3072K), 3 survivors (3072K)
 Metaspace       used 71076K, committed 71616K, reserved 1114112K
  class space    used 10011K, committed 10304K, reserved 1048576K
GC Heap History (20 events):
Event: 4.134 GC heap before
{Heap before GC invocations=12 (full 0):
 garbage-first heap   total 63488K, used 45641K [0x000000008bc00000, 0x0000000100000000)
  region size 1024K, 26 young (26624K), 1 survivors (1024K)
 Metaspace       used 45804K, committed 46208K, reserved 1114112K
  class space    used 5925K, committed 6144K, reserved 1048576K
}
Event: 4.135 GC heap after
{Heap after GC invocations=13 (full 0):
 garbage-first heap   total 63488K, used 21964K [0x000000008bc00000, 0x0000000100000000)
  region size 1024K, 2 young (2048K), 2 survivors (2048K)
 Metaspace       used 45804K, committed 46208K, reserved 1114112K
  class space    used 5925K, committed 6144K, reserved 1048576K
}
Event: 4.585 GC heap before
{Heap before GC invocations=13 (full 0):
 garbage-first heap   total 63488K, used 46540K [0x000000008bc00000, 0x0000000100000000)
  region size 1024K, 27 young (27648K), 2 survivors (2048K)
 Metaspace       used 51881K, committed 52352K, reserved 1114112K
  class space    used 6881K, committed 7104K, reserved 1048576K
}
Event: 4.587 GC heap after
{Heap after GC invocations=14 (full 0):
 garbage-first heap   total 63488K, used 23706K [0x000000008bc00000, 0x0000000100000000)
  region size 1024K, 4 young (4096K), 4 survivors (4096K)
 Metaspace       used 51881K, committed 52352K, reserved 1114112K
  class space    used 6881K, committed 7104K, reserved 1048576K
}
Event: 4.907 GC heap before
{Heap before GC invocations=14 (full 0):
 garbage-first heap   total 63488K, used 47258K [0x000000008bc00000, 0x0000000100000000)
  region size 1024K, 28 young (28672K), 4 survivors (4096K)
 Metaspace       used 58489K, committed 58944K, reserved 1114112K
  class space    used 7801K, committed 8000K, reserved 1048576K
}
Event: 4.908 GC heap after
{Heap after GC invocations=15 (full 0):
 garbage-first heap   total 63488K, used 24986K [0x000000008bc00000, 0x0000000100000000)
  region size 1024K, 3 young (3072K), 3 survivors (3072K)
 Metaspace       used 58489K, committed 58944K, reserved 1114112K
  class space    used 7801K, committed 8000K, reserved 1048576K
}
Event: 4.973 GC heap before
{Heap before GC invocations=15 (full 0):
 garbage-first heap   total 63488K, used 31130K [0x000000008bc00000, 0x0000000100000000)
  region size 1024K, 10 young (10240K), 3 survivors (3072K)
 Metaspace       used 59782K, committed 60160K, reserved 1114112K
  class space    used 8075K, committed 8256K, reserved 1048576K
}
Event: 4.975 GC heap after
{Heap after GC invocations=16 (full 0):
 garbage-first heap   total 63488K, used 25385K [0x000000008bc00000, 0x0000000100000000)
  region size 1024K, 2 young (2048K), 2 survivors (2048K)
 Metaspace       used 59782K, committed 60160K, reserved 1114112K
  class space    used 8075K, committed 8256K, reserved 1048576K
}
Event: 5.256 GC heap before
{Heap before GC invocations=17 (full 0):
 garbage-first heap   total 63488K, used 48937K [0x000000008bc00000, 0x0000000100000000)
  region size 1024K, 26 young (26624K), 2 survivors (2048K)
 Metaspace       used 62137K, committed 62592K, reserved 1114112K
  class space    used 8454K, committed 8640K, reserved 1048576K
}
Event: 5.258 GC heap after
{Heap after GC invocations=18 (full 0):
 garbage-first heap   total 63488K, used 25795K [0x000000008bc00000, 0x0000000100000000)
  region size 1024K, 2 young (2048K), 2 survivors (2048K)
 Metaspace       used 62137K, committed 62592K, reserved 1114112K
  class space    used 8454K, committed 8640K, reserved 1048576K
}
Event: 5.627 GC heap before
{Heap before GC invocations=18 (full 0):
 garbage-first heap   total 63488K, used 49347K [0x000000008bc00000, 0x0000000100000000)
  region size 1024K, 26 young (26624K), 2 survivors (2048K)
 Metaspace       used 66912K, committed 67456K, reserved 1114112K
  class space    used 9120K, committed 9408K, reserved 1048576K
}
Event: 5.629 GC heap after
{Heap after GC invocations=19 (full 0):
 garbage-first heap   total 63488K, used 27921K [0x000000008bc00000, 0x0000000100000000)
  region size 1024K, 4 young (4096K), 4 survivors (4096K)
 Metaspace       used 66912K, committed 67456K, reserved 1114112K
  class space    used 9120K, committed 9408K, reserved 1048576K
}
Event: 5.844 GC heap before
{Heap before GC invocations=19 (full 0):
 garbage-first heap   total 63488K, used 50449K [0x000000008bc00000, 0x0000000100000000)
  region size 1024K, 26 young (26624K), 4 survivors (4096K)
 Metaspace       used 69442K, committed 70016K, reserved 1114112K
  class space    used 9633K, committed 9920K, reserved 1048576K
}
Event: 5.847 GC heap after
{Heap after GC invocations=20 (full 0):
 garbage-first heap   total 63488K, used 29673K [0x000000008bc00000, 0x0000000100000000)
  region size 1024K, 2 young (2048K), 2 survivors (2048K)
 Metaspace       used 69442K, committed 70016K, reserved 1114112K
  class space    used 9633K, committed 9920K, reserved 1048576K
}
Event: 5.883 GC heap before
{Heap before GC invocations=20 (full 0):
 garbage-first heap   total 63488K, used 50153K [0x000000008bc00000, 0x0000000100000000)
  region size 1024K, 22 young (22528K), 2 survivors (2048K)
 Metaspace       used 69455K, committed 70016K, reserved 1114112K
  class space    used 9633K, committed 9920K, reserved 1048576K
}
Event: 5.888 GC heap after
{Heap after GC invocations=21 (full 0):
 garbage-first heap   total 63488K, used 36601K [0x000000008bc00000, 0x0000000100000000)
  region size 1024K, 3 young (3072K), 3 survivors (3072K)
 Metaspace       used 69455K, committed 70016K, reserved 1114112K
  class space    used 9633K, committed 9920K, reserved 1048576K
}
Event: 5.994 GC heap before
{Heap before GC invocations=22 (full 0):
 garbage-first heap   total 70656K, used 47865K [0x000000008bc00000, 0x0000000100000000)
  region size 1024K, 15 young (15360K), 3 survivors (3072K)
 Metaspace       used 70978K, committed 71488K, reserved 1114112K
  class space    used 9996K, committed 10240K, reserved 1048576K
}
Event: 5.996 GC heap after
{Heap after GC invocations=23 (full 0):
 garbage-first heap   total 70656K, used 37435K [0x000000008bc00000, 0x0000000100000000)
  region size 1024K, 1 young (1024K), 1 survivors (1024K)
 Metaspace       used 70978K, committed 71488K, reserved 1114112K
  class space    used 9996K, committed 10240K, reserved 1048576K
}
Event: 6.047 GC heap before
{Heap before GC invocations=23 (full 0):
 garbage-first heap   total 70656K, used 54843K [0x000000008bc00000, 0x0000000100000000)
  region size 1024K, 18 young (18432K), 1 survivors (1024K)
 Metaspace       used 71063K, committed 71616K, reserved 1114112K
  class space    used 10011K, committed 10304K, reserved 1048576K
}
Event: 6.048 GC heap after
{Heap after GC invocations=24 (full 0):
 garbage-first heap   total 70656K, used 37891K [0x000000008bc00000, 0x0000000100000000)
  region size 1024K, 2 young (2048K), 2 survivors (2048K)
 Metaspace       used 71063K, committed 71616K, reserved 1114112K
  class space    used 10011K, committed 10304K, reserved 1048576K
}

